2015/03/17 04:49:56 [error] [exception.CHttpException.404] exception 'CHttpException' with message 'The system is unable to find the requested action "index1".' in D:\projects\socialImage\yii-core\web\CController.php:483
Stack trace:
#0 D:\projects\socialImage\yii-core\web\CController.php(270): CController->missingAction('index1')
#1 D:\projects\socialImage\yii-core\web\CWebApplication.php(282): CController->run('index1')
#2 D:\projects\socialImage\yii-core\web\CWebApplication.php(141): CWebApplication->runController('site/index1')
#3 D:\projects\socialImage\yii-core\base\CApplication.php(184): CWebApplication->processRequest()
#4 D:\projects\socialImage\index.php(13): CApplication->run()
#5 {main}
REQUEST_URI=/index.php?r=site/index1
---
2015/03/17 05:00:51 [error] [php] include(MyClientScript.php): failed to open stream: No such file or directory (D:\projects\socialImage\yii-core\YiiBase.php:432)
Stack trace:
#0 unknown(0): spl_autoload_call()
#1 D:\projects\socialImage\yii-core\YiiBase.php(303): class_exists()
#2 D:\projects\socialImage\yii-core\YiiBase.php(196): import()
#3 D:\projects\socialImage\yii-core\base\CModule.php(393): createComponent()
#4 D:\projects\socialImage\yii-core\web\CWebApplication.php(230): CWebApplication->getComponent()
#5 D:\projects\socialImage\yii-core\web\CController.php(351): CWebApplication->getClientScript()
#6 D:\projects\socialImage\yii-core\web\CController.php(788): SiteController->processOutput()
#7 D:\projects\socialImage\protected\controllers\SiteController.php(32): SiteController->render()
#8 D:\projects\socialImage\yii-core\web\actions\CInlineAction.php(49): SiteController->actionIndex()
#9 D:\projects\socialImage\yii-core\web\CController.php(308): CInlineAction->runWithParams()
#10 D:\projects\socialImage\yii-core\web\CController.php(286): SiteController->runAction()
#11 D:\projects\socialImage\yii-core\web\CController.php(265): SiteController->runActionWithFilters()
#12 D:\projects\socialImage\yii-core\web\CWebApplication.php(282): SiteController->run()
#13 D:\projects\socialImage\yii-core\web\CWebApplication.php(141): CWebApplication->runController()
#14 D:\projects\socialImage\yii-core\base\CApplication.php(184): CWebApplication->processRequest()
#15 D:\projects\socialImage\index.php(13): CWebApplication->run()
REQUEST_URI=/index.php?r=site/page&view=about
in D:\projects\socialImage\protected\controllers\SiteController.php (32)
in D:\projects\socialImage\index.php (13)
2015/03/17 05:00:55 [error] [php] include(MyClientScript.php): failed to open stream: No such file or directory (D:\projects\socialImage\yii-core\YiiBase.php:432)
Stack trace:
#0 unknown(0): spl_autoload_call()
#1 D:\projects\socialImage\yii-core\YiiBase.php(303): class_exists()
#2 D:\projects\socialImage\yii-core\YiiBase.php(196): import()
#3 D:\projects\socialImage\yii-core\base\CModule.php(393): createComponent()
#4 D:\projects\socialImage\yii-core\web\CWebApplication.php(230): CWebApplication->getComponent()
#5 D:\projects\socialImage\yii-core\web\CController.php(351): CWebApplication->getClientScript()
#6 D:\projects\socialImage\yii-core\web\CController.php(788): SiteController->processOutput()
#7 D:\projects\socialImage\protected\controllers\SiteController.php(32): SiteController->render()
#8 D:\projects\socialImage\yii-core\web\actions\CInlineAction.php(49): SiteController->actionIndex()
#9 D:\projects\socialImage\yii-core\web\CController.php(308): CInlineAction->runWithParams()
#10 D:\projects\socialImage\yii-core\web\CController.php(286): SiteController->runAction()
#11 D:\projects\socialImage\yii-core\web\CController.php(265): SiteController->runActionWithFilters()
#12 D:\projects\socialImage\yii-core\web\CWebApplication.php(282): SiteController->run()
#13 D:\projects\socialImage\yii-core\web\CWebApplication.php(141): CWebApplication->runController()
#14 D:\projects\socialImage\yii-core\base\CApplication.php(184): CWebApplication->processRequest()
#15 D:\projects\socialImage\index.php(13): CWebApplication->run()
REQUEST_URI=/index.php?r=site/index
in D:\projects\socialImage\protected\controllers\SiteController.php (32)
in D:\projects\socialImage\index.php (13)
2015/03/17 05:02:22 [error] [php] include(MyClientScript.php): failed to open stream: No such file or directory (D:\projects\socialImage\yii-core\YiiBase.php:432)
Stack trace:
#0 unknown(0): spl_autoload_call()
#1 D:\projects\socialImage\yii-core\YiiBase.php(303): class_exists()
#2 D:\projects\socialImage\yii-core\YiiBase.php(196): import()
#3 D:\projects\socialImage\yii-core\base\CModule.php(393): createComponent()
#4 D:\projects\socialImage\yii-core\web\CWebApplication.php(230): CWebApplication->getComponent()
#5 D:\projects\socialImage\yii-core\web\CController.php(351): CWebApplication->getClientScript()
#6 D:\projects\socialImage\yii-core\web\CController.php(788): SiteController->processOutput()
#7 D:\projects\socialImage\protected\controllers\SiteController.php(32): SiteController->render()
#8 D:\projects\socialImage\yii-core\web\actions\CInlineAction.php(49): SiteController->actionIndex()
#9 D:\projects\socialImage\yii-core\web\CController.php(308): CInlineAction->runWithParams()
#10 D:\projects\socialImage\yii-core\web\CController.php(286): SiteController->runAction()
#11 D:\projects\socialImage\yii-core\web\CController.php(265): SiteController->runActionWithFilters()
#12 D:\projects\socialImage\yii-core\web\CWebApplication.php(282): SiteController->run()
#13 D:\projects\socialImage\yii-core\web\CWebApplication.php(141): CWebApplication->runController()
#14 D:\projects\socialImage\yii-core\base\CApplication.php(184): CWebApplication->processRequest()
#15 D:\projects\socialImage\index.php(13): CWebApplication->run()
REQUEST_URI=/index.php?r=site/index
in D:\projects\socialImage\protected\controllers\SiteController.php (32)
in D:\projects\socialImage\index.php (13)
2015/03/17 05:27:02 [error] [exception.CHttpException.404] exception 'CHttpException' with message 'Unable to resolve the request "lib/css/bootstrap.min.css".' in D:\projects\socialImage\yii-core\web\CWebApplication.php:286
Stack trace:
#0 D:\projects\socialImage\yii-core\web\CWebApplication.php(141): CWebApplication->runController('lib/css/bootstr...')
#1 D:\projects\socialImage\yii-core\base\CApplication.php(184): CWebApplication->processRequest()
#2 D:\projects\socialImage\index.php(13): CApplication->run()
#3 {main}
REQUEST_URI=/lib/css/bootstrap.min.css
HTTP_REFERER=http://socialimage.local/site/index
---
2015/03/17 05:27:02 [error] [exception.CHttpException.404] exception 'CHttpException' with message 'Unable to resolve the request "lib/css/font-awesome.min.css".' in D:\projects\socialImage\yii-core\web\CWebApplication.php:286
Stack trace:
#0 D:\projects\socialImage\yii-core\web\CWebApplication.php(141): CWebApplication->runController('lib/css/font-aw...')
#1 D:\projects\socialImage\yii-core\base\CApplication.php(184): CWebApplication->processRequest()
#2 D:\projects\socialImage\index.php(13): CApplication->run()
#3 {main}
REQUEST_URI=/lib/css/font-awesome.min.css
HTTP_REFERER=http://socialimage.local/site/index
---
2015/03/17 05:27:02 [error] [exception.CHttpException.404] exception 'CHttpException' with message 'Unable to resolve the request "lib/js/libs/jquery-2.0.2.min.js".' in D:\projects\socialImage\yii-core\web\CWebApplication.php:286
Stack trace:
#0 D:\projects\socialImage\yii-core\web\CWebApplication.php(141): CWebApplication->runController('lib/js/libs/jqu...')
#1 D:\projects\socialImage\yii-core\base\CApplication.php(184): CWebApplication->processRequest()
#2 D:\projects\socialImage\index.php(13): CApplication->run()
#3 {main}
REQUEST_URI=/lib/js/libs/jquery-2.0.2.min.js
HTTP_REFERER=http://socialimage.local/site/index
---
2015/03/17 05:27:02 [error] [exception.CHttpException.404] exception 'CHttpException' with message 'Unable to resolve the request "lib/js/bootstrap/bootstrap.min.js".' in D:\projects\socialImage\yii-core\web\CWebApplication.php:286
Stack trace:
#0 D:\projects\socialImage\yii-core\web\CWebApplication.php(141): CWebApplication->runController('lib/js/bootstra...')
#1 D:\projects\socialImage\yii-core\base\CApplication.php(184): CWebApplication->processRequest()
#2 D:\projects\socialImage\index.php(13): CApplication->run()
#3 {main}
REQUEST_URI=/lib/js/bootstrap/bootstrap.min.js
HTTP_REFERER=http://socialimage.local/site/index
---
2015/03/17 05:27:04 [error] [exception.CHttpException.404] exception 'CHttpException' with message 'Unable to resolve the request "lib/css/font-awesome.min.css".' in D:\projects\socialImage\yii-core\web\CWebApplication.php:286
Stack trace:
#0 D:\projects\socialImage\yii-core\web\CWebApplication.php(141): CWebApplication->runController('lib/css/font-aw...')
#1 D:\projects\socialImage\yii-core\base\CApplication.php(184): CWebApplication->processRequest()
#2 D:\projects\socialImage\index.php(13): CApplication->run()
#3 {main}
REQUEST_URI=/lib/css/font-awesome.min.css
HTTP_REFERER=http://socialimage.local/site/page?view=about
---
2015/03/17 05:27:04 [error] [exception.CHttpException.404] exception 'CHttpException' with message 'Unable to resolve the request "lib/css/bootstrap.min.css".' in D:\projects\socialImage\yii-core\web\CWebApplication.php:286
Stack trace:
#0 D:\projects\socialImage\yii-core\web\CWebApplication.php(141): CWebApplication->runController('lib/css/bootstr...')
#1 D:\projects\socialImage\yii-core\base\CApplication.php(184): CWebApplication->processRequest()
#2 D:\projects\socialImage\index.php(13): CApplication->run()
#3 {main}
REQUEST_URI=/lib/css/bootstrap.min.css
HTTP_REFERER=http://socialimage.local/site/page?view=about
---
2015/03/17 05:27:04 [error] [exception.CHttpException.404] exception 'CHttpException' with message 'Unable to resolve the request "lib/js/bootstrap/bootstrap.min.js".' in D:\projects\socialImage\yii-core\web\CWebApplication.php:286
Stack trace:
#0 D:\projects\socialImage\yii-core\web\CWebApplication.php(141): CWebApplication->runController('lib/js/bootstra...')
#1 D:\projects\socialImage\yii-core\base\CApplication.php(184): CWebApplication->processRequest()
#2 D:\projects\socialImage\index.php(13): CApplication->run()
#3 {main}
REQUEST_URI=/lib/js/bootstrap/bootstrap.min.js
HTTP_REFERER=http://socialimage.local/site/page?view=about
---
2015/03/17 05:27:04 [error] [exception.CHttpException.404] exception 'CHttpException' with message 'Unable to resolve the request "lib/js/libs/jquery-2.0.2.min.js".' in D:\projects\socialImage\yii-core\web\CWebApplication.php:286
Stack trace:
#0 D:\projects\socialImage\yii-core\web\CWebApplication.php(141): CWebApplication->runController('lib/js/libs/jqu...')
#1 D:\projects\socialImage\yii-core\base\CApplication.php(184): CWebApplication->processRequest()
#2 D:\projects\socialImage\index.php(13): CApplication->run()
#3 {main}
REQUEST_URI=/lib/js/libs/jquery-2.0.2.min.js
HTTP_REFERER=http://socialimage.local/site/page?view=about
---
2015/03/17 05:27:05 [error] [exception.CHttpException.404] exception 'CHttpException' with message 'Unable to resolve the request "lib/css/bootstrap.min.css".' in D:\projects\socialImage\yii-core\web\CWebApplication.php:286
Stack trace:
#0 D:\projects\socialImage\yii-core\web\CWebApplication.php(141): CWebApplication->runController('lib/css/bootstr...')
#1 D:\projects\socialImage\yii-core\base\CApplication.php(184): CWebApplication->processRequest()
#2 D:\projects\socialImage\index.php(13): CApplication->run()
#3 {main}
REQUEST_URI=/lib/css/bootstrap.min.css
HTTP_REFERER=http://socialimage.local/site/contact
---
2015/03/17 05:27:05 [error] [exception.CHttpException.404] exception 'CHttpException' with message 'Unable to resolve the request "lib/css/font-awesome.min.css".' in D:\projects\socialImage\yii-core\web\CWebApplication.php:286
Stack trace:
#0 D:\projects\socialImage\yii-core\web\CWebApplication.php(141): CWebApplication->runController('lib/css/font-aw...')
#1 D:\projects\socialImage\yii-core\base\CApplication.php(184): CWebApplication->processRequest()
#2 D:\projects\socialImage\index.php(13): CApplication->run()
#3 {main}
REQUEST_URI=/lib/css/font-awesome.min.css
HTTP_REFERER=http://socialimage.local/site/contact
---
2015/03/17 05:27:05 [error] [exception.CHttpException.404] exception 'CHttpException' with message 'Unable to resolve the request "lib/js/libs/jquery-2.0.2.min.js".' in D:\projects\socialImage\yii-core\web\CWebApplication.php:286
Stack trace:
#0 D:\projects\socialImage\yii-core\web\CWebApplication.php(141): CWebApplication->runController('lib/js/libs/jqu...')
#1 D:\projects\socialImage\yii-core\base\CApplication.php(184): CWebApplication->processRequest()
#2 D:\projects\socialImage\index.php(13): CApplication->run()
#3 {main}
REQUEST_URI=/lib/js/libs/jquery-2.0.2.min.js
HTTP_REFERER=http://socialimage.local/site/contact
---
2015/03/17 05:27:05 [error] [exception.CHttpException.404] exception 'CHttpException' with message 'Unable to resolve the request "lib/js/bootstrap/bootstrap.min.js".' in D:\projects\socialImage\yii-core\web\CWebApplication.php:286
Stack trace:
#0 D:\projects\socialImage\yii-core\web\CWebApplication.php(141): CWebApplication->runController('lib/js/bootstra...')
#1 D:\projects\socialImage\yii-core\base\CApplication.php(184): CWebApplication->processRequest()
#2 D:\projects\socialImage\index.php(13): CApplication->run()
#3 {main}
REQUEST_URI=/lib/js/bootstrap/bootstrap.min.js
HTTP_REFERER=http://socialimage.local/site/contact
---
2015/03/17 05:27:06 [error] [exception.CHttpException.404] exception 'CHttpException' with message 'Unable to resolve the request "lib/css/bootstrap.min.css".' in D:\projects\socialImage\yii-core\web\CWebApplication.php:286
Stack trace:
#0 D:\projects\socialImage\yii-core\web\CWebApplication.php(141): CWebApplication->runController('lib/css/bootstr...')
#1 D:\projects\socialImage\yii-core\base\CApplication.php(184): CWebApplication->processRequest()
#2 D:\projects\socialImage\index.php(13): CApplication->run()
#3 {main}
REQUEST_URI=/lib/css/bootstrap.min.css
HTTP_REFERER=http://socialimage.local/site/index
---
2015/03/17 05:27:06 [error] [exception.CHttpException.404] exception 'CHttpException' with message 'Unable to resolve the request "lib/js/libs/jquery-2.0.2.min.js".' in D:\projects\socialImage\yii-core\web\CWebApplication.php:286
Stack trace:
#0 D:\projects\socialImage\yii-core\web\CWebApplication.php(141): CWebApplication->runController('lib/js/libs/jqu...')
#1 D:\projects\socialImage\yii-core\base\CApplication.php(184): CWebApplication->processRequest()
#2 D:\projects\socialImage\index.php(13): CApplication->run()
#3 {main}
REQUEST_URI=/lib/js/libs/jquery-2.0.2.min.js
HTTP_REFERER=http://socialimage.local/site/index
---
2015/03/17 05:27:06 [error] [exception.CHttpException.404] exception 'CHttpException' with message 'Unable to resolve the request "lib/js/bootstrap/bootstrap.min.js".' in D:\projects\socialImage\yii-core\web\CWebApplication.php:286
Stack trace:
#0 D:\projects\socialImage\yii-core\web\CWebApplication.php(141): CWebApplication->runController('lib/js/bootstra...')
#1 D:\projects\socialImage\yii-core\base\CApplication.php(184): CWebApplication->processRequest()
#2 D:\projects\socialImage\index.php(13): CApplication->run()
#3 {main}
REQUEST_URI=/lib/js/bootstrap/bootstrap.min.js
HTTP_REFERER=http://socialimage.local/site/index
---
2015/03/17 05:27:06 [error] [exception.CHttpException.404] exception 'CHttpException' with message 'Unable to resolve the request "lib/css/font-awesome.min.css".' in D:\projects\socialImage\yii-core\web\CWebApplication.php:286
Stack trace:
#0 D:\projects\socialImage\yii-core\web\CWebApplication.php(141): CWebApplication->runController('lib/css/font-aw...')
#1 D:\projects\socialImage\yii-core\base\CApplication.php(184): CWebApplication->processRequest()
#2 D:\projects\socialImage\index.php(13): CApplication->run()
#3 {main}
REQUEST_URI=/lib/css/font-awesome.min.css
HTTP_REFERER=http://socialimage.local/site/index
---
2015/03/17 05:35:26 [error] [exception.CHttpException.404] exception 'CHttpException' with message 'Unable to resolve the request "lib/css/bootstrap.min.css".' in D:\projects\socialImage\yii-core\web\CWebApplication.php:286
Stack trace:
#0 D:\projects\socialImage\yii-core\web\CWebApplication.php(141): CWebApplication->runController('lib/css/bootstr...')
#1 D:\projects\socialImage\yii-core\base\CApplication.php(184): CWebApplication->processRequest()
#2 D:\projects\socialImage\index.php(13): CApplication->run()
#3 {main}
REQUEST_URI=/lib/css/bootstrap.min.css
HTTP_REFERER=http://socialimage.local/site/index
---
2015/03/17 05:35:26 [error] [exception.CHttpException.404] exception 'CHttpException' with message 'Unable to resolve the request "lib/css/font-awesome.min.css".' in D:\projects\socialImage\yii-core\web\CWebApplication.php:286
Stack trace:
#0 D:\projects\socialImage\yii-core\web\CWebApplication.php(141): CWebApplication->runController('lib/css/font-aw...')
#1 D:\projects\socialImage\yii-core\base\CApplication.php(184): CWebApplication->processRequest()
#2 D:\projects\socialImage\index.php(13): CApplication->run()
#3 {main}
REQUEST_URI=/lib/css/font-awesome.min.css
HTTP_REFERER=http://socialimage.local/site/index
---
2015/03/17 05:35:26 [error] [exception.CHttpException.404] exception 'CHttpException' with message 'Unable to resolve the request "lib/js/libs/jquery-2.0.2.min.js".' in D:\projects\socialImage\yii-core\web\CWebApplication.php:286
Stack trace:
#0 D:\projects\socialImage\yii-core\web\CWebApplication.php(141): CWebApplication->runController('lib/js/libs/jqu...')
#1 D:\projects\socialImage\yii-core\base\CApplication.php(184): CWebApplication->processRequest()
#2 D:\projects\socialImage\index.php(13): CApplication->run()
#3 {main}
REQUEST_URI=/lib/js/libs/jquery-2.0.2.min.js
HTTP_REFERER=http://socialimage.local/site/index
---
2015/03/17 05:35:26 [error] [exception.CHttpException.404] exception 'CHttpException' with message 'Unable to resolve the request "lib/js/bootstrap/bootstrap.min.js".' in D:\projects\socialImage\yii-core\web\CWebApplication.php:286
Stack trace:
#0 D:\projects\socialImage\yii-core\web\CWebApplication.php(141): CWebApplication->runController('lib/js/bootstra...')
#1 D:\projects\socialImage\yii-core\base\CApplication.php(184): CWebApplication->processRequest()
#2 D:\projects\socialImage\index.php(13): CApplication->run()
#3 {main}
REQUEST_URI=/lib/js/bootstrap/bootstrap.min.js
HTTP_REFERER=http://socialimage.local/site/index
---
2015/03/17 05:35:27 [error] [exception.CHttpException.404] exception 'CHttpException' with message 'Unable to resolve the request "lib/css/bootstrap.min.css".' in D:\projects\socialImage\yii-core\web\CWebApplication.php:286
Stack trace:
#0 D:\projects\socialImage\yii-core\web\CWebApplication.php(141): CWebApplication->runController('lib/css/bootstr...')
#1 D:\projects\socialImage\yii-core\base\CApplication.php(184): CWebApplication->processRequest()
#2 D:\projects\socialImage\index.php(13): CApplication->run()
#3 {main}
REQUEST_URI=/lib/css/bootstrap.min.css
HTTP_REFERER=http://socialimage.local/site/index
---
2015/03/17 05:35:27 [error] [exception.CHttpException.404] exception 'CHttpException' with message 'Unable to resolve the request "lib/css/font-awesome.min.css".' in D:\projects\socialImage\yii-core\web\CWebApplication.php:286
Stack trace:
#0 D:\projects\socialImage\yii-core\web\CWebApplication.php(141): CWebApplication->runController('lib/css/font-aw...')
#1 D:\projects\socialImage\yii-core\base\CApplication.php(184): CWebApplication->processRequest()
#2 D:\projects\socialImage\index.php(13): CApplication->run()
#3 {main}
REQUEST_URI=/lib/css/font-awesome.min.css
HTTP_REFERER=http://socialimage.local/site/index
---
2015/03/17 05:35:28 [error] [exception.CHttpException.404] exception 'CHttpException' with message 'Unable to resolve the request "lib/css/bootstrap.min.css".' in D:\projects\socialImage\yii-core\web\CWebApplication.php:286
Stack trace:
#0 D:\projects\socialImage\yii-core\web\CWebApplication.php(141): CWebApplication->runController('lib/css/bootstr...')
#1 D:\projects\socialImage\yii-core\base\CApplication.php(184): CWebApplication->processRequest()
#2 D:\projects\socialImage\index.php(13): CApplication->run()
#3 {main}
REQUEST_URI=/lib/css/bootstrap.min.css
HTTP_REFERER=http://socialimage.local/site/index
---
2015/03/17 05:35:28 [error] [exception.CHttpException.404] exception 'CHttpException' with message 'Unable to resolve the request "lib/css/font-awesome.min.css".' in D:\projects\socialImage\yii-core\web\CWebApplication.php:286
Stack trace:
#0 D:\projects\socialImage\yii-core\web\CWebApplication.php(141): CWebApplication->runController('lib/css/font-aw...')
#1 D:\projects\socialImage\yii-core\base\CApplication.php(184): CWebApplication->processRequest()
#2 D:\projects\socialImage\index.php(13): CApplication->run()
#3 {main}
REQUEST_URI=/lib/css/font-awesome.min.css
HTTP_REFERER=http://socialimage.local/site/index
---
2015/03/17 05:35:28 [error] [exception.CHttpException.404] exception 'CHttpException' with message 'Unable to resolve the request "lib/js/bootstrap/bootstrap.min.js".' in D:\projects\socialImage\yii-core\web\CWebApplication.php:286
Stack trace:
#0 D:\projects\socialImage\yii-core\web\CWebApplication.php(141): CWebApplication->runController('lib/js/bootstra...')
#1 D:\projects\socialImage\yii-core\base\CApplication.php(184): CWebApplication->processRequest()
#2 D:\projects\socialImage\index.php(13): CApplication->run()
#3 {main}
REQUEST_URI=/lib/js/bootstrap/bootstrap.min.js
HTTP_REFERER=http://socialimage.local/site/index
---
2015/03/17 05:35:28 [error] [exception.CHttpException.404] exception 'CHttpException' with message 'Unable to resolve the request "lib/js/libs/jquery-2.0.2.min.js".' in D:\projects\socialImage\yii-core\web\CWebApplication.php:286
Stack trace:
#0 D:\projects\socialImage\yii-core\web\CWebApplication.php(141): CWebApplication->runController('lib/js/libs/jqu...')
#1 D:\projects\socialImage\yii-core\base\CApplication.php(184): CWebApplication->processRequest()
#2 D:\projects\socialImage\index.php(13): CApplication->run()
#3 {main}
REQUEST_URI=/lib/js/libs/jquery-2.0.2.min.js
HTTP_REFERER=http://socialimage.local/site/index
---
2015/03/17 05:47:01 [error] [exception.CHttpException.404] exception 'CHttpException' with message 'The requested view "index" was not found.' in D:\projects\socialImage\yii-core\web\actions\CViewAction.php:112
Stack trace:
#0 D:\projects\socialImage\yii-core\web\actions\CViewAction.php(123): CViewAction->resolveView('index')
#1 D:\projects\socialImage\yii-core\web\actions\CAction.php(76): CViewAction->run()
#2 D:\projects\socialImage\yii-core\web\CController.php(308): CAction->runWithParams(Array)
#3 D:\projects\socialImage\yii-core\web\CController.php(286): CController->runAction(Object(CViewAction))
#4 D:\projects\socialImage\yii-core\web\CController.php(265): CController->runActionWithFilters(Object(CViewAction), Array)
#5 D:\projects\socialImage\yii-core\web\CWebApplication.php(282): CController->run('page')
#6 D:\projects\socialImage\yii-core\web\CWebApplication.php(141): CWebApplication->runController('site/page')
#7 D:\projects\socialImage\yii-core\base\CApplication.php(184): CWebApplication->processRequest()
#8 D:\projects\socialImage\index.php(13): CApplication->run()
#9 {main}
REQUEST_URI=/site/page
---
2015/03/17 05:47:40 [error] [exception.CHttpException.404] exception 'CHttpException' with message 'The system is unable to find the requested action "error1".' in D:\projects\socialImage\yii-core\web\CController.php:483
Stack trace:
#0 D:\projects\socialImage\yii-core\web\CController.php(270): CController->missingAction('error1')
#1 D:\projects\socialImage\yii-core\web\CWebApplication.php(282): CController->run('error1')
#2 D:\projects\socialImage\yii-core\web\CWebApplication.php(141): CWebApplication->runController('site/error1')
#3 D:\projects\socialImage\yii-core\base\CApplication.php(184): CWebApplication->processRequest()
#4 D:\projects\socialImage\index.php(13): CApplication->run()
#5 {main}
REQUEST_URI=/site/error1
---
2015/03/17 05:49:48 [error] [exception.CHttpException.404] exception 'CHttpException' with message 'The system is unable to find the requested action "error1".' in D:\projects\socialImage\yii-core\web\CController.php:483
Stack trace:
#0 D:\projects\socialImage\yii-core\web\CController.php(270): CController->missingAction('error1')
#1 D:\projects\socialImage\yii-core\web\CWebApplication.php(282): CController->run('error1')
#2 D:\projects\socialImage\yii-core\web\CWebApplication.php(141): CWebApplication->runController('site/error1')
#3 D:\projects\socialImage\yii-core\base\CApplication.php(184): CWebApplication->processRequest()
#4 D:\projects\socialImage\index.php(13): CApplication->run()
#5 {main}
REQUEST_URI=/site/error1
---
2015/03/17 05:50:29 [error] [exception.CHttpException.404] exception 'CHttpException' with message 'The requested view "index" was not found.' in D:\projects\socialImage\yii-core\web\actions\CViewAction.php:112
Stack trace:
#0 D:\projects\socialImage\yii-core\web\actions\CViewAction.php(123): CViewAction->resolveView('index')
#1 D:\projects\socialImage\yii-core\web\actions\CAction.php(76): CViewAction->run()
#2 D:\projects\socialImage\yii-core\web\CController.php(308): CAction->runWithParams(Array)
#3 D:\projects\socialImage\yii-core\web\CController.php(286): CController->runAction(Object(CViewAction))
#4 D:\projects\socialImage\yii-core\web\CController.php(265): CController->runActionWithFilters(Object(CViewAction), Array)
#5 D:\projects\socialImage\yii-core\web\CWebApplication.php(282): CController->run('page')
#6 D:\projects\socialImage\yii-core\web\CWebApplication.php(141): CWebApplication->runController('site/page')
#7 D:\projects\socialImage\yii-core\base\CApplication.php(184): CWebApplication->processRequest()
#8 D:\projects\socialImage\index.php(13): CApplication->run()
#9 {main}
REQUEST_URI=/site/page
HTTP_REFERER=http://socialimage.local/site/contact
---
2015/03/17 05:50:29 [error] [exception.CHttpException.404] exception 'CHttpException' with message 'Unable to resolve the request "favicon.ico".' in D:\projects\socialImage\yii-core\web\CWebApplication.php:286
Stack trace:
#0 D:\projects\socialImage\yii-core\web\CWebApplication.php(141): CWebApplication->runController('favicon.ico')
#1 D:\projects\socialImage\yii-core\base\CApplication.php(184): CWebApplication->processRequest()
#2 D:\projects\socialImage\index.php(13): CApplication->run()
#3 {main}
REQUEST_URI=/favicon.ico
---
2015/03/17 05:50:32 [error] [exception.CHttpException.404] exception 'CHttpException' with message 'Unable to resolve the request "favicon.ico".' in D:\projects\socialImage\yii-core\web\CWebApplication.php:286
Stack trace:
#0 D:\projects\socialImage\yii-core\web\CWebApplication.php(141): CWebApplication->runController('favicon.ico')
#1 D:\projects\socialImage\yii-core\base\CApplication.php(184): CWebApplication->processRequest()
#2 D:\projects\socialImage\index.php(13): CApplication->run()
#3 {main}
REQUEST_URI=/favicon.ico
---
2015/03/17 05:51:11 [error] [exception.CHttpException.404] exception 'CHttpException' with message 'The requested view "index" was not found.' in D:\projects\socialImage\yii-core\web\actions\CViewAction.php:112
Stack trace:
#0 D:\projects\socialImage\yii-core\web\actions\CViewAction.php(123): CViewAction->resolveView('index')
#1 D:\projects\socialImage\yii-core\web\actions\CAction.php(76): CViewAction->run()
#2 D:\projects\socialImage\yii-core\web\CController.php(308): CAction->runWithParams(Array)
#3 D:\projects\socialImage\yii-core\web\CController.php(286): CController->runAction(Object(CViewAction))
#4 D:\projects\socialImage\yii-core\web\CController.php(265): CController->runActionWithFilters(Object(CViewAction), Array)
#5 D:\projects\socialImage\yii-core\web\CWebApplication.php(282): CController->run('page')
#6 D:\projects\socialImage\yii-core\web\CWebApplication.php(141): CWebApplication->runController('site/page')
#7 D:\projects\socialImage\yii-core\base\CApplication.php(184): CWebApplication->processRequest()
#8 D:\projects\socialImage\index.php(13): CApplication->run()
#9 {main}
REQUEST_URI=/site/page
HTTP_REFERER=http://socialimage.local/site/contact
---
2015/03/17 05:51:15 [error] [exception.CHttpException.404] exception 'CHttpException' with message 'The requested view "index" was not found.' in D:\projects\socialImage\yii-core\web\actions\CViewAction.php:112
Stack trace:
#0 D:\projects\socialImage\yii-core\web\actions\CViewAction.php(123): CViewAction->resolveView('index')
#1 D:\projects\socialImage\yii-core\web\actions\CAction.php(76): CViewAction->run()
#2 D:\projects\socialImage\yii-core\web\CController.php(308): CAction->runWithParams(Array)
#3 D:\projects\socialImage\yii-core\web\CController.php(286): CController->runAction(Object(CViewAction))
#4 D:\projects\socialImage\yii-core\web\CController.php(265): CController->runActionWithFilters(Object(CViewAction), Array)
#5 D:\projects\socialImage\yii-core\web\CWebApplication.php(282): CController->run('page')
#6 D:\projects\socialImage\yii-core\web\CWebApplication.php(141): CWebApplication->runController('site/page')
#7 D:\projects\socialImage\yii-core\base\CApplication.php(184): CWebApplication->processRequest()
#8 D:\projects\socialImage\index.php(13): CApplication->run()
#9 {main}
REQUEST_URI=/site/page
HTTP_REFERER=http://socialimage.local/site/contact
---
2015/03/17 05:51:26 [error] [exception.CHttpException.404] exception 'CHttpException' with message 'The requested view "index" was not found.' in D:\projects\socialImage\yii-core\web\actions\CViewAction.php:112
Stack trace:
#0 D:\projects\socialImage\yii-core\web\actions\CViewAction.php(123): CViewAction->resolveView('index')
#1 D:\projects\socialImage\yii-core\web\actions\CAction.php(76): CViewAction->run()
#2 D:\projects\socialImage\yii-core\web\CController.php(308): CAction->runWithParams(Array)
#3 D:\projects\socialImage\yii-core\web\CController.php(286): CController->runAction(Object(CViewAction))
#4 D:\projects\socialImage\yii-core\web\CController.php(265): CController->runActionWithFilters(Object(CViewAction), Array)
#5 D:\projects\socialImage\yii-core\web\CWebApplication.php(282): CController->run('page')
#6 D:\projects\socialImage\yii-core\web\CWebApplication.php(141): CWebApplication->runController('site/page')
#7 D:\projects\socialImage\yii-core\base\CApplication.php(184): CWebApplication->processRequest()
#8 D:\projects\socialImage\index.php(13): CApplication->run()
#9 {main}
REQUEST_URI=/site/page
HTTP_REFERER=http://socialimage.local/site/contact
---
2015/03/17 08:44:16 [error] [exception.CHttpException.404] exception 'CHttpException' with message 'Unable to resolve the request "images/pic1.jpg".' in D:\projects\socialImage\yii-core\web\CWebApplication.php:286
Stack trace:
#0 D:\projects\socialImage\yii-core\web\CWebApplication.php(141): CWebApplication->runController('images/pic1.jpg')
#1 D:\projects\socialImage\yii-core\base\CApplication.php(184): CWebApplication->processRequest()
#2 D:\projects\socialImage\index.php(13): CApplication->run()
#3 {main}
REQUEST_URI=/images/pic1.jpg
HTTP_REFERER=http://socialimage.local/
---
2015/03/17 08:44:17 [error] [exception.CHttpException.404] exception 'CHttpException' with message 'Unable to resolve the request "images/pic2.jpg".' in D:\projects\socialImage\yii-core\web\CWebApplication.php:286
Stack trace:
#0 D:\projects\socialImage\yii-core\web\CWebApplication.php(141): CWebApplication->runController('images/pic2.jpg')
#1 D:\projects\socialImage\yii-core\base\CApplication.php(184): CWebApplication->processRequest()
#2 D:\projects\socialImage\index.php(13): CApplication->run()
#3 {main}
REQUEST_URI=/images/pic2.jpg
HTTP_REFERER=http://socialimage.local/
---
2015/03/17 08:44:17 [error] [exception.CHttpException.404] exception 'CHttpException' with message 'Unable to resolve the request "images/pic3.jpg".' in D:\projects\socialImage\yii-core\web\CWebApplication.php:286
Stack trace:
#0 D:\projects\socialImage\yii-core\web\CWebApplication.php(141): CWebApplication->runController('images/pic3.jpg')
#1 D:\projects\socialImage\yii-core\base\CApplication.php(184): CWebApplication->processRequest()
#2 D:\projects\socialImage\index.php(13): CApplication->run()
#3 {main}
REQUEST_URI=/images/pic3.jpg
HTTP_REFERER=http://socialimage.local/
---
2015/03/17 08:44:17 [error] [exception.CHttpException.404] exception 'CHttpException' with message 'Unable to resolve the request "images/pic4.jpg".' in D:\projects\socialImage\yii-core\web\CWebApplication.php:286
Stack trace:
#0 D:\projects\socialImage\yii-core\web\CWebApplication.php(141): CWebApplication->runController('images/pic4.jpg')
#1 D:\projects\socialImage\yii-core\base\CApplication.php(184): CWebApplication->processRequest()
#2 D:\projects\socialImage\index.php(13): CApplication->run()
#3 {main}
REQUEST_URI=/images/pic4.jpg
HTTP_REFERER=http://socialimage.local/
---
